0 info it worked if it ends with ok
1 verbose cli [ 'C:\\Program Files\\nodejs\\node.exe',
1 verbose cli   'C:\\Program Files\\nodejs\\node_modules\\npm\\bin\\npm-cli.js',
1 verbose cli   'install',
1 verbose cli   '--save',
1 verbose cli   'ng2-super-table' ]
2 info using npm@2.15.5
3 info using node@v4.4.5
4 verbose install initial load of C:\Users\G834244\git\bong2\package.json
5 warn package.json bong2@1.0.0 No description
6 warn package.json bong2@1.0.0 No repository field.
7 verbose installManyTop reading scoped package data from C:\Users\G834244\git\bong2\node_modules\angular2-data-table\package.json
8 verbose installManyTop reading scoped package data from C:\Users\G834244\git\bong2\node_modules\angular2-datatable\package.json
9 verbose installManyTop reading scoped package data from C:\Users\G834244\git\bong2\node_modules\angular2-in-memory-web-api\package.json
10 verbose installManyTop reading scoped package data from C:\Users\G834244\git\bong2\node_modules\bootstrap\package.json
11 verbose installManyTop reading scoped package data from C:\Users\G834244\git\bong2\node_modules\bootstrap-datepicker\package.json
12 verbose installManyTop reading scoped package data from C:\Users\G834244\git\bong2\node_modules\core-js\package.json
13 verbose installManyTop reading scoped package data from C:\Users\G834244\git\bong2\node_modules\datatables-bootstrap3-plugin\package.json
14 verbose installManyTop reading scoped package data from C:\Users\G834244\git\bong2\node_modules\eonasdan-bootstrap-datetimepicker\package.json
15 verbose installManyTop reading scoped package data from C:\Users\G834244\git\bong2\node_modules\font-awesome\package.json
16 verbose installManyTop reading scoped package data from C:\Users\G834244\git\bong2\node_modules\gulp\package.json
17 verbose installManyTop reading scoped package data from C:\Users\G834244\git\bong2\node_modules\gulp-babel\package.json
18 verbose installManyTop reading scoped package data from C:\Users\G834244\git\bong2\node_modules\gulp-batch\package.json
19 verbose installManyTop reading scoped package data from C:\Users\G834244\git\bong2\node_modules\gulp-browserify\package.json
20 verbose installManyTop reading scoped package data from C:\Users\G834244\git\bong2\node_modules\gulp-clean\package.json
21 verbose installManyTop reading scoped package data from C:\Users\G834244\git\bong2\node_modules\gulp-concat\package.json
22 verbose installManyTop reading scoped package data from C:\Users\G834244\git\bong2\node_modules\gulp-jasmine\package.json
23 verbose installManyTop reading scoped package data from C:\Users\G834244\git\bong2\node_modules\gulp-less\package.json
24 verbose installManyTop reading scoped package data from C:\Users\G834244\git\bong2\node_modules\gulp-minify\package.json
25 verbose installManyTop reading scoped package data from C:\Users\G834244\git\bong2\node_modules\gulp-npm-files\package.json
26 verbose installManyTop reading scoped package data from C:\Users\G834244\git\bong2\node_modules\gulp-rename\package.json
27 verbose installManyTop reading scoped package data from C:\Users\G834244\git\bong2\node_modules\gulp-server-livereload\package.json
28 verbose installManyTop reading scoped package data from C:\Users\G834244\git\bong2\node_modules\gulp-typescript\package.json
29 verbose installManyTop reading scoped package data from C:\Users\G834244\git\bong2\node_modules\jasmine-core\package.json
30 verbose installManyTop reading scoped package data from C:\Users\G834244\git\bong2\node_modules\jasmine-reporters\package.json
31 verbose installManyTop reading scoped package data from C:\Users\G834244\git\bong2\node_modules\jquery\package.json
32 verbose installManyTop reading scoped package data from C:\Users\G834244\git\bong2\node_modules\lodash\package.json
33 verbose installManyTop reading scoped package data from C:\Users\G834244\git\bong2\node_modules\main-bower-files\package.json
34 verbose installManyTop reading scoped package data from C:\Users\G834244\git\bong2\node_modules\merge-stream\package.json
35 verbose installManyTop reading scoped package data from C:\Users\G834244\git\bong2\node_modules\metismenu\package.json
36 verbose installManyTop reading scoped package data from C:\Users\G834244\git\bong2\node_modules\moment\package.json
37 verbose installManyTop reading scoped package data from C:\Users\G834244\git\bong2\node_modules\ng2-slim-loading-bar\package.json
38 verbose installManyTop reading scoped package data from C:\Users\G834244\git\bong2\node_modules\ng2-super-table\package.json
39 verbose installManyTop reading scoped package data from C:\Users\G834244\git\bong2\node_modules\pump\package.json
40 verbose installManyTop reading scoped package data from C:\Users\G834244\git\bong2\node_modules\reflect-metadata\package.json
41 verbose installManyTop reading scoped package data from C:\Users\G834244\git\bong2\node_modules\run-sequence\package.json
42 verbose installManyTop reading scoped package data from C:\Users\G834244\git\bong2\node_modules\rxjs\package.json
43 verbose installManyTop reading scoped package data from C:\Users\G834244\git\bong2\node_modules\select2\package.json
44 verbose installManyTop reading scoped package data from C:\Users\G834244\git\bong2\node_modules\summernote\package.json
45 verbose installManyTop reading scoped package data from C:\Users\G834244\git\bong2\node_modules\systemjs\package.json
46 verbose installManyTop reading scoped package data from C:\Users\G834244\git\bong2\node_modules\typescript\package.json
47 verbose installManyTop reading scoped package data from C:\Users\G834244\git\bong2\node_modules\yargs\package.json
48 verbose installManyTop reading scoped package data from C:\Users\G834244\git\bong2\node_modules\zone.js\package.json
49 verbose installManyTop reading scoped package data from C:\Users\G834244\git\bong2\node_modules\@angular\common\package.json
50 verbose installManyTop reading scoped package data from C:\Users\G834244\git\bong2\node_modules\@angular\compiler\package.json
51 verbose installManyTop reading scoped package data from C:\Users\G834244\git\bong2\node_modules\@angular\core\package.json
52 verbose installManyTop reading scoped package data from C:\Users\G834244\git\bong2\node_modules\@angular\forms\package.json
53 verbose installManyTop reading scoped package data from C:\Users\G834244\git\bong2\node_modules\@angular\http\package.json
54 verbose installManyTop reading scoped package data from C:\Users\G834244\git\bong2\node_modules\@angular\platform-browser\package.json
55 verbose installManyTop reading scoped package data from C:\Users\G834244\git\bong2\node_modules\@angular\platform-browser-dynamic\package.json
56 verbose installManyTop reading scoped package data from C:\Users\G834244\git\bong2\node_modules\@angular\router\package.json
57 verbose installManyTop reading scoped package data from C:\Users\G834244\git\bong2\node_modules\@angular\router-deprecated\package.json
58 verbose installManyTop reading scoped package data from C:\Users\G834244\git\bong2\node_modules\@angular\upgrade\package.json
59 info package.json gulp-rename@1.2.2 No license field.
60 info package.json @angular/router-deprecated@2.0.0-rc.2 No description
61 info package.json jasmine-reporters@2.2.0 No license field.
62 verbose readDependencies loading dependencies from C:\Users\G834244\git\bong2\package.json
63 verbose install ng2-super-table is installed as 0.1.1
64 silly cache add args [ 'ng2-super-table', null ]
65 verbose cache add spec ng2-super-table
66 silly cache add parsed spec Result {
66 silly cache add   raw: 'ng2-super-table',
66 silly cache add   scope: null,
66 silly cache add   name: 'ng2-super-table',
66 silly cache add   rawSpec: '',
66 silly cache add   spec: 'latest',
66 silly cache add   type: 'tag' }
67 silly addNamed ng2-super-table@latest
68 verbose addNamed "latest" is being treated as a dist-tag for ng2-super-table
69 info addNameTag [ 'ng2-super-table', 'latest' ]
70 silly mapToRegistry name ng2-super-table
71 silly mapToRegistry using default registry
72 silly mapToRegistry registry https://registry.npmjs.org/
73 silly mapToRegistry data Result {
73 silly mapToRegistry   raw: 'ng2-super-table',
73 silly mapToRegistry   scope: null,
73 silly mapToRegistry   name: 'ng2-super-table',
73 silly mapToRegistry   rawSpec: '',
73 silly mapToRegistry   spec: 'latest',
73 silly mapToRegistry   type: 'tag' }
74 silly mapToRegistry uri https://registry.npmjs.org/ng2-super-table
75 verbose addNameTag registry:https://registry.npmjs.org/ng2-super-table not in flight; fetching
76 verbose request uri https://registry.npmjs.org/ng2-super-table
77 verbose request no auth needed
78 info attempt registry request try #1 at 4:16:08 PM
79 verbose request id 4fbc7e2071203ef8
80 verbose etag "6OC3D1IH2V0Q4A8YNOFJ7VD27"
81 http request GET https://registry.npmjs.org/ng2-super-table
82 http 304 https://registry.npmjs.org/ng2-super-table
83 verbose headers { date: 'Fri, 30 Sep 2016 21:16:07 GMT',
83 verbose headers   via: '1.1 varnish',
83 verbose headers   'cache-control': 'max-age=300',
83 verbose headers   etag: '"6OC3D1IH2V0Q4A8YNOFJ7VD27"',
83 verbose headers   age: '0',
83 verbose headers   connection: 'close',
83 verbose headers   'x-served-by': 'cache-ord1736-ORD',
83 verbose headers   'x-cache': 'MISS',
83 verbose headers   'x-cache-hits': '0',
83 verbose headers   'x-timer': 'S1475270167.980717,VS0,VE341',
83 verbose headers   vary: 'Accept-Encoding' }
84 silly get cb [ 304,
84 silly get   { date: 'Fri, 30 Sep 2016 21:16:07 GMT',
84 silly get     via: '1.1 varnish',
84 silly get     'cache-control': 'max-age=300',
84 silly get     etag: '"6OC3D1IH2V0Q4A8YNOFJ7VD27"',
84 silly get     age: '0',
84 silly get     connection: 'close',
84 silly get     'x-served-by': 'cache-ord1736-ORD',
84 silly get     'x-cache': 'MISS',
84 silly get     'x-cache-hits': '0',
84 silly get     'x-timer': 'S1475270167.980717,VS0,VE341',
84 silly get     vary: 'Accept-Encoding' } ]
85 verbose etag https://registry.npmjs.org/ng2-super-table from cache
86 verbose get saving ng2-super-table to C:\Users\G834244\AppData\Roaming\npm-cache\registry.npmjs.org\ng2-super-table\.cache.json
87 verbose correctMkdir C:\Users\G834244\AppData\Roaming\npm-cache correctMkdir not in flight; initializing
88 silly addNameTag next cb for ng2-super-table with tag latest
89 silly addNamed ng2-super-table@0.1.1
90 verbose addNamed "0.1.1" is a plain semver version for ng2-super-table
91 silly cache afterAdd ng2-super-table@0.1.1
92 verbose afterAdd C:\Users\G834244\AppData\Roaming\npm-cache\ng2-super-table\0.1.1\package\package.json not in flight; writing
93 verbose correctMkdir C:\Users\G834244\AppData\Roaming\npm-cache correctMkdir not in flight; initializing
94 verbose afterAdd C:\Users\G834244\AppData\Roaming\npm-cache\ng2-super-table\0.1.1\package\package.json written
95 silly install resolved [ { name: 'ng2-super-table',
95 silly install resolved     version: '0.1.1',
95 silly install resolved     description: 'A table component for angular2 projects',
95 silly install resolved     main: './ng2-super-table.js',
95 silly install resolved     typings: './ng2-super-table.d.ts',
95 silly install resolved     scripts:
95 silly install resolved      { prestart: 'typings install',
95 silly install resolved        start: 'concurrently "webpack-dev-server" "npm run test:watch" "open http://localhost:8000"',
95 silly install resolved        'build:demo': 'webpack -p',
95 silly install resolved        'build:dist': 'webpack --config webpack.config.dist.js',
95 silly install resolved        pretest: 'typings install',
95 silly install resolved        test: 'karma start',
95 silly install resolved        'test:watch': 'karma start --watch',
95 silly install resolved        clean: 'del ./src/*.d.ts ./demo/*.d.ts ./test/*.d.ts ng2-super-table.d.ts ng2-super-table.js*',
95 silly install resolved        commit: 'git-cz',
95 silly install resolved        changelog: 'conventional-changelog -p angular -i CHANGELOG.md -s',
95 silly install resolved        typedoc: 'typedoc --options typedoc.json ng2-super-table.ts src/*.ts',
95 silly install resolved        'gh-pages': 'git checkout gh-pages && git merge master && npm run build:demo && npm run typedoc && git add . && git commit -m \'chore: build demo and docs\' && git push && git checkout master',
95 silly install resolved        prerelease: 'npm test',
95 silly install resolved        release: 'standard-version --first-release && git push --follow-tags origin master && npm run build:dist && npm publish',
95 silly install resolved        postrelease: 'npm run clean && npm run gh-pages' },
95 silly install resolved     repository:
95 silly install resolved      { type: 'git',
95 silly install resolved        url: 'git+https://github.com/andyperlitch/ng2-super-table.git' },
95 silly install resolved     keywords: [ 'angular2' ],
95 silly install resolved     author: { name: 'Andy Perlitch' },
95 silly install resolved     license: 'MIT',
95 silly install resolved     bugs: { url: 'https://github.com/andyperlitch/ng2-super-table/issues' },
95 silly install resolved     homepage: 'https://github.com/andyperlitch/ng2-super-table#readme',
95 silly install resolved     devDependencies:
95 silly install resolved      { '@angular/common': '2.0.0-rc.4',
95 silly install resolved        '@angular/compiler': '2.0.0-rc.4',
95 silly install resolved        '@angular/core': '2.0.0-rc.4',
95 silly install resolved        '@angular/platform-browser': '2.0.0-rc.4',
95 silly install resolved        '@angular/platform-browser-dynamic': '2.0.0-rc.4',
95 silly install resolved        chai: '~3.5.0',
95 silly install resolved        commitizen: '~2.8.1',
95 silly install resolved        concurrently: '~2.1.0',
95 silly install resolved        'conventional-changelog': '~1.1.0',
95 silly install resolved        'conventional-changelog-cli': '~1.2.0',
95 silly install resolved        'cz-conventional-changelog': '~1.1.6',
95 silly install resolved        'del-cli': '~0.2.0',
95 silly install resolved        'es6-shim': '~0.35.0',
95 silly install resolved        ghooks: '~1.3.2',
95 silly install resolved        'imports-loader': '~0.6.5',
95 silly install resolved        'istanbul-instrumenter-loader': '~0.2.0',
95 silly install resolved        karma: '~0.13.22',
95 silly install resolved        'karma-coverage': '~1.0.0',
95 silly install resolved        'karma-mocha': '~1.1.1',
95 silly install resolved        'karma-phantomjs-launcher': '~1.0.0',
95 silly install resolved        'karma-remap-istanbul': 'github:mattlewis92/karma-remap-istanbul',
95 silly install resolved        'karma-source-map-support': '~1.1.0',
95 silly install resolved        'karma-sourcemap-loader': '~0.3.7',
95 silly install resolved        'karma-webpack': '~1.7.0',
95 silly install resolved        mocha: '~2.5.3',
95 silly install resolved        'phantomjs-prebuilt': '~2.1.7',
95 silly install resolved        'reflect-metadata': '~0.1.3',
95 silly install resolved        rxjs: '5.0.0-beta.6',
95 silly install resolved        sinon: '~1.17.4',
95 silly install resolved        'sinon-chai': '~2.8.0',
95 silly install resolved        'standard-version': '~2.3.1',
95 silly install resolved        'ts-loader': '~0.8.2',
95 silly install resolved        tslint: '~3.13.0',
95 silly install resolved        'tslint-loader': '~2.1.4',
95 silly install resolved        typedoc: '~0.4.3',
95 silly install resolved        typescript: '~1.8.10',
95 silly install resolved        typings: '~1.3.0',
95 silly install resolved        'validate-commit-msg': '~2.6.1',
95 silly install resolved        webpack: '~1.13.0',
95 silly install resolved        'webpack-dev-server': '~1.14.1',
95 silly install resolved        'zone.js': '~0.6.12' },
95 silly install resolved     peerDependencies: { '@angular/core': '2.0.0-rc.4' },
95 silly install resolved     files:
95 silly install resolved      [ 'ng2-super-table.js',
95 silly install resolved        'ng2-super-table.js.map',
95 silly install resolved        'ng2-super-table.d.ts',
95 silly install resolved        'src/**/*.d.ts' ],
95 silly install resolved     config: { ghooks: [Object], commitizen: [Object] },
95 silly install resolved     dependencies: { lodash: '^4.13.1' },
95 silly install resolved     gitHead: '8d4e2746de896359d1b3862a1c50a54f943b23b9',
95 silly install resolved     _id: 'ng2-super-table@0.1.1',
95 silly install resolved     _shasum: '1ca6aeb8c1db4954d4528055726b59fbd2a0e5eb',
95 silly install resolved     _from: 'ng2-super-table@latest',
95 silly install resolved     _npmVersion: '3.8.6',
95 silly install resolved     _nodeVersion: '5.11.1',
95 silly install resolved     _npmUser: { name: 'andyperlitch', email: 'andyperlitch@gmail.com' },
95 silly install resolved     dist:
95 silly install resolved      { shasum: '1ca6aeb8c1db4954d4528055726b59fbd2a0e5eb',
95 silly install resolved        tarball: 'https://registry.npmjs.org/ng2-super-table/-/ng2-super-table-0.1.1.tgz' },
95 silly install resolved     maintainers: [ [Object] ],
95 silly install resolved     _npmOperationalInternal:
95 silly install resolved      { host: 'packages-16-east.internal.npmjs.com',
95 silly install resolved        tmp: 'tmp/ng2-super-table-0.1.1.tgz_1470939077155_0.0046446616761386395' },
95 silly install resolved     directories: {},
95 silly install resolved     _resolved: 'https://registry.npmjs.org/ng2-super-table/-/ng2-super-table-0.1.1.tgz',
95 silly install resolved     readme: 'ERROR: No README data found!' } ]
96 info install ng2-super-table@0.1.1 into C:\Users\G834244\git\bong2
97 info installOne ng2-super-table@0.1.1
98 verbose installOne of ng2-super-table to C:\Users\G834244\git\bong2 not in flight; installing
99 verbose correctMkdir C:\Users\G834244\AppData\Roaming\npm-cache\_locks correctMkdir not in flight; initializing
100 verbose lock using C:\Users\G834244\AppData\Roaming\npm-cache\_locks\ng2-super-table-386fe92c984e5b44.lock for C:\Users\G834244\git\bong2\node_modules\ng2-super-table
101 silly install write writing ng2-super-table 0.1.1 to C:\Users\G834244\git\bong2\node_modules\ng2-super-table
102 verbose unbuild node_modules\ng2-super-table
103 info preuninstall ng2-super-table@0.1.1
104 info uninstall ng2-super-table@0.1.1
105 verbose unbuild rmStuff ng2-super-table@0.1.1 from C:\Users\G834244\git\bong2\node_modules
106 info postuninstall ng2-super-table@0.1.1
107 silly gentlyRm C:\Users\G834244\git\bong2\node_modules\ng2-super-table is being purged from base C:\Users\G834244\git\bong2
108 verbose gentlyRm don't care about contents; nuking C:\Users\G834244\git\bong2\node_modules\ng2-super-table
109 silly vacuum-fs purging C:\Users\G834244\git\bong2\node_modules\ng2-super-table
110 silly vacuum-fs quitting because other entries in C:\Users\G834244\git\bong2\node_modules
111 verbose tar unpack C:\Users\G834244\AppData\Roaming\npm-cache\ng2-super-table\0.1.1\package.tgz
112 verbose tar unpacking to C:\Users\G834244\git\bong2\node_modules\ng2-super-table
113 silly gentlyRm C:\Users\G834244\git\bong2\node_modules\ng2-super-table is being purged
114 verbose gentlyRm don't care about contents; nuking C:\Users\G834244\git\bong2\node_modules\ng2-super-table
115 silly gunzTarPerm modes [ '777', '666' ]
116 silly gunzTarPerm extractEntry package.json
117 silly gunzTarPerm modified mode [ 'package.json', 420, 438 ]
118 silly gunzTarPerm extractEntry README.md
119 silly gunzTarPerm modified mode [ 'README.md', 420, 438 ]
120 silly gunzTarPerm extractEntry LICENSE
121 silly gunzTarPerm modified mode [ 'LICENSE', 420, 438 ]
122 silly gunzTarPerm extractEntry ng2-super-table.js
123 silly gunzTarPerm modified mode [ 'ng2-super-table.js', 420, 438 ]
124 silly gunzTarPerm extractEntry ng2-super-table.d.ts
125 silly gunzTarPerm modified mode [ 'ng2-super-table.d.ts', 420, 438 ]
126 silly gunzTarPerm extractEntry CHANGELOG.md
127 silly gunzTarPerm modified mode [ 'CHANGELOG.md', 420, 438 ]
128 silly gunzTarPerm extractEntry src/SuperTableState.d.ts
129 silly gunzTarPerm modified mode [ 'src/SuperTableState.d.ts', 420, 438 ]
130 silly gunzTarPerm extractEntry src/builtinSortFunctions.d.ts
131 silly gunzTarPerm modified mode [ 'src/builtinSortFunctions.d.ts', 420, 438 ]
132 silly gunzTarPerm extractEntry src/dummyRows.component.d.ts
133 silly gunzTarPerm modified mode [ 'src/dummyRows.component.d.ts', 420, 438 ]
134 silly gunzTarPerm extractEntry src/enumFilter.component.d.ts
135 silly gunzTarPerm modified mode [ 'src/enumFilter.component.d.ts', 420, 438 ]
136 silly gunzTarPerm extractEntry src/interfaces.d.ts
137 silly gunzTarPerm modified mode [ 'src/interfaces.d.ts', 420, 438 ]
138 silly gunzTarPerm extractEntry src/superTable.component.d.ts
139 silly gunzTarPerm modified mode [ 'src/superTable.component.d.ts', 420, 438 ]
140 silly gunzTarPerm extractEntry src/superTableBody.component.d.ts
141 silly gunzTarPerm modified mode [ 'src/superTableBody.component.d.ts', 420, 438 ]
142 silly gunzTarPerm extractEntry src/superTableCell.component.d.ts
143 silly gunzTarPerm modified mode [ 'src/superTableCell.component.d.ts', 420, 438 ]
144 silly gunzTarPerm extractEntry src/superTableFilters.d.ts
145 silly gunzTarPerm modified mode [ 'src/superTableFilters.d.ts', 420, 438 ]
146 silly gunzTarPerm extractEntry src/superTableHead.component.d.ts
147 silly gunzTarPerm modified mode [ 'src/superTableHead.component.d.ts', 420, 438 ]
148 silly gunzTarPerm extractEntry src/superTableRow.component.d.ts
149 silly gunzTarPerm modified mode [ 'src/superTableRow.component.d.ts', 420, 438 ]
150 silly gunzTarPerm extractEntry src/superTableSorters.d.ts
151 silly gunzTarPerm modified mode [ 'src/superTableSorters.d.ts', 420, 438 ]
152 silly gunzTarPerm extractEntry src/tableCell.component.d.ts
153 silly gunzTarPerm modified mode [ 'src/tableCell.component.d.ts', 420, 438 ]
154 silly gunzTarPerm extractEntry src/tableHeader.component.d.ts
155 silly gunzTarPerm modified mode [ 'src/tableHeader.component.d.ts', 420, 438 ]
156 silly gunzTarPerm extractEntry src/textFilter.component.d.ts
157 silly gunzTarPerm modified mode [ 'src/textFilter.component.d.ts', 420, 438 ]
158 silly gunzTarPerm extractEntry ng2-super-table.js.map
159 silly gunzTarPerm modified mode [ 'ng2-super-table.js.map', 420, 438 ]
160 verbose write writing to C:\Users\G834244\git\bong2\node_modules\ng2-super-table\package.json
161 info preinstall ng2-super-table@0.1.1
162 verbose readDependencies loading dependencies from C:\Users\G834244\git\bong2\node_modules\ng2-super-table\package.json
163 silly prepareForInstallMany adding @angular/core@2.0.0-rc.4 from ng2-super-table peerDependencies
164 warn peerDependencies The peer dependency @angular/core@2.0.0-rc.4 included from ng2-super-table will no
165 warn peerDependencies longer be automatically installed to fulfill the peerDependency
166 warn peerDependencies in npm 3+. Your application will need to depend on it explicitly.
167 verbose readDependencies loading dependencies from C:\Users\G834244\git\bong2\node_modules\ng2-super-table\package.json
168 silly install resolved []
169 verbose about to build C:\Users\G834244\git\bong2\node_modules\ng2-super-table
170 info build C:\Users\G834244\git\bong2\node_modules\ng2-super-table
171 info linkStuff ng2-super-table@0.1.1
172 silly linkStuff ng2-super-table@0.1.1 has C:\Users\G834244\git\bong2\node_modules as its parent node_modules
173 verbose linkBins ng2-super-table@0.1.1
174 verbose linkMans ng2-super-table@0.1.1
175 verbose rebuildBundles ng2-super-table@0.1.1
176 info install ng2-super-table@0.1.1
177 info postinstall ng2-super-table@0.1.1
178 verbose readDependencies loading dependencies from C:\Users\G834244\git\bong2\package.json
179 verbose targetResolver reading package data from C:\Users\G834244\git\bong2\node_modules\angular2-data-table\package.json
180 verbose targetResolver reading package data from C:\Users\G834244\git\bong2\node_modules\angular2-datatable\package.json
181 verbose targetResolver reading package data from C:\Users\G834244\git\bong2\node_modules\angular2-in-memory-web-api\package.json
182 verbose targetResolver reading package data from C:\Users\G834244\git\bong2\node_modules\bootstrap\package.json
183 verbose targetResolver reading package data from C:\Users\G834244\git\bong2\node_modules\bootstrap-datepicker\package.json
184 verbose targetResolver reading package data from C:\Users\G834244\git\bong2\node_modules\core-js\package.json
185 verbose targetResolver reading package data from C:\Users\G834244\git\bong2\node_modules\datatables-bootstrap3-plugin\package.json
186 verbose targetResolver reading package data from C:\Users\G834244\git\bong2\node_modules\eonasdan-bootstrap-datetimepicker\package.json
187 verbose targetResolver reading package data from C:\Users\G834244\git\bong2\node_modules\font-awesome\package.json
188 verbose targetResolver reading package data from C:\Users\G834244\git\bong2\node_modules\gulp\package.json
189 verbose targetResolver reading package data from C:\Users\G834244\git\bong2\node_modules\gulp-babel\package.json
190 verbose targetResolver reading package data from C:\Users\G834244\git\bong2\node_modules\gulp-batch\package.json
191 verbose targetResolver reading package data from C:\Users\G834244\git\bong2\node_modules\gulp-browserify\package.json
192 verbose targetResolver reading package data from C:\Users\G834244\git\bong2\node_modules\gulp-clean\package.json
193 verbose targetResolver reading package data from C:\Users\G834244\git\bong2\node_modules\gulp-concat\package.json
194 verbose targetResolver reading package data from C:\Users\G834244\git\bong2\node_modules\gulp-jasmine\package.json
195 verbose targetResolver reading package data from C:\Users\G834244\git\bong2\node_modules\gulp-less\package.json
196 verbose targetResolver reading package data from C:\Users\G834244\git\bong2\node_modules\gulp-minify\package.json
197 verbose targetResolver reading package data from C:\Users\G834244\git\bong2\node_modules\gulp-npm-files\package.json
198 verbose targetResolver reading package data from C:\Users\G834244\git\bong2\node_modules\gulp-rename\package.json
199 verbose targetResolver reading package data from C:\Users\G834244\git\bong2\node_modules\gulp-server-livereload\package.json
200 verbose targetResolver reading package data from C:\Users\G834244\git\bong2\node_modules\gulp-typescript\package.json
201 verbose targetResolver reading package data from C:\Users\G834244\git\bong2\node_modules\jasmine-core\package.json
202 verbose targetResolver reading package data from C:\Users\G834244\git\bong2\node_modules\jasmine-reporters\package.json
203 verbose targetResolver reading package data from C:\Users\G834244\git\bong2\node_modules\jquery\package.json
204 verbose targetResolver reading package data from C:\Users\G834244\git\bong2\node_modules\lodash\package.json
205 verbose targetResolver reading package data from C:\Users\G834244\git\bong2\node_modules\main-bower-files\package.json
206 verbose targetResolver reading package data from C:\Users\G834244\git\bong2\node_modules\merge-stream\package.json
207 verbose targetResolver reading package data from C:\Users\G834244\git\bong2\node_modules\metismenu\package.json
208 verbose targetResolver reading package data from C:\Users\G834244\git\bong2\node_modules\moment\package.json
209 verbose targetResolver reading package data from C:\Users\G834244\git\bong2\node_modules\ng2-slim-loading-bar\package.json
210 verbose targetResolver reading package data from C:\Users\G834244\git\bong2\node_modules\ng2-super-table\package.json
211 verbose targetResolver reading package data from C:\Users\G834244\git\bong2\node_modules\pump\package.json
212 verbose targetResolver reading package data from C:\Users\G834244\git\bong2\node_modules\reflect-metadata\package.json
213 verbose targetResolver reading package data from C:\Users\G834244\git\bong2\node_modules\run-sequence\package.json
214 verbose targetResolver reading package data from C:\Users\G834244\git\bong2\node_modules\rxjs\package.json
215 verbose targetResolver reading package data from C:\Users\G834244\git\bong2\node_modules\select2\package.json
216 verbose targetResolver reading package data from C:\Users\G834244\git\bong2\node_modules\summernote\package.json
217 verbose targetResolver reading package data from C:\Users\G834244\git\bong2\node_modules\systemjs\package.json
218 verbose targetResolver reading package data from C:\Users\G834244\git\bong2\node_modules\typescript\package.json
219 verbose targetResolver reading package data from C:\Users\G834244\git\bong2\node_modules\yargs\package.json
220 verbose targetResolver reading package data from C:\Users\G834244\git\bong2\node_modules\zone.js\package.json
221 verbose targetResolver reading package data from C:\Users\G834244\git\bong2\node_modules\.bin\gulp\package.json
222 verbose targetResolver reading package data from C:\Users\G834244\git\bong2\node_modules\.bin\gulp.cmd\package.json
223 verbose targetResolver reading package data from C:\Users\G834244\git\bong2\node_modules\.bin\livereload\package.json
224 verbose targetResolver reading package data from C:\Users\G834244\git\bong2\node_modules\.bin\livereload.cmd\package.json
225 verbose targetResolver reading package data from C:\Users\G834244\git\bong2\node_modules\.bin\tsc\package.json
226 verbose targetResolver reading package data from C:\Users\G834244\git\bong2\node_modules\.bin\tsc.cmd\package.json
227 verbose targetResolver reading package data from C:\Users\G834244\git\bong2\node_modules\.bin\tsserver\package.json
228 verbose targetResolver reading package data from C:\Users\G834244\git\bong2\node_modules\.bin\tsserver.cmd\package.json
229 verbose targetResolver reading package data from C:\Users\G834244\git\bong2\node_modules\@angular\common\package.json
230 verbose targetResolver reading package data from C:\Users\G834244\git\bong2\node_modules\@angular\compiler\package.json
231 verbose targetResolver reading package data from C:\Users\G834244\git\bong2\node_modules\@angular\core\package.json
232 verbose targetResolver reading package data from C:\Users\G834244\git\bong2\node_modules\@angular\forms\package.json
233 verbose targetResolver reading package data from C:\Users\G834244\git\bong2\node_modules\@angular\http\package.json
234 verbose targetResolver reading package data from C:\Users\G834244\git\bong2\node_modules\@angular\platform-browser\package.json
235 verbose targetResolver reading package data from C:\Users\G834244\git\bong2\node_modules\@angular\platform-browser-dynamic\package.json
236 verbose targetResolver reading package data from C:\Users\G834244\git\bong2\node_modules\@angular\router\package.json
237 verbose targetResolver reading package data from C:\Users\G834244\git\bong2\node_modules\@angular\router-deprecated\package.json
238 verbose targetResolver reading package data from C:\Users\G834244\git\bong2\node_modules\@angular\upgrade\package.json
239 verbose already installed skipping @angular/core@2.0.0-rc.4 C:\Users\G834244\git\bong2
240 silly install resolved []
241 verbose unlock done using C:\Users\G834244\AppData\Roaming\npm-cache\_locks\ng2-super-table-386fe92c984e5b44.lock for C:\Users\G834244\git\bong2\node_modules\ng2-super-table
242 verbose validateInstall loading C:\Users\G834244\git\bong2\package.json for validation
243 verbose stack Error: The package @angular/core@2.0.0 does not satisfy its siblings' peerDependencies requirements!
243 verbose stack     at C:\Program Files\nodejs\node_modules\npm\lib\install.js:125:32
243 verbose stack     at C:\Program Files\nodejs\node_modules\npm\lib\install.js:268:7
243 verbose stack     at C:\Program Files\nodejs\node_modules\npm\node_modules\read-installed\read-installed.js:142:5
243 verbose stack     at C:\Program Files\nodejs\node_modules\npm\node_modules\read-installed\read-installed.js:263:14
243 verbose stack     at cb (C:\Program Files\nodejs\node_modules\npm\node_modules\slide\lib\async-map.js:47:24)
243 verbose stack     at C:\Program Files\nodejs\node_modules\npm\node_modules\read-installed\read-installed.js:263:14
243 verbose stack     at cb (C:\Program Files\nodejs\node_modules\npm\node_modules\slide\lib\async-map.js:47:24)
243 verbose stack     at C:\Program Files\nodejs\node_modules\npm\node_modules\read-installed\read-installed.js:263:14
243 verbose stack     at cb (C:\Program Files\nodejs\node_modules\npm\node_modules\slide\lib\async-map.js:47:24)
243 verbose stack     at C:\Program Files\nodejs\node_modules\npm\node_modules\read-installed\read-installed.js:263:14
244 verbose cwd C:\Users\G834244\git\bong2
245 error Windows_NT 6.1.7601
246 error argv "C:\\Program Files\\nodejs\\node.exe" "C:\\Program Files\\nodejs\\node_modules\\npm\\bin\\npm-cli.js" "install" "--save" "ng2-super-table"
247 error node v4.4.5
248 error npm  v2.15.5
249 error code EPEERINVALID
250 error peerinvalid The package @angular/core@2.0.0 does not satisfy its siblings' peerDependencies requirements!
250 error peerinvalid Peer @angular/common@2.0.0 wants @angular/core@^2.0.0
250 error peerinvalid Peer @angular/compiler@2.0.0 wants @angular/core@^2.0.0
250 error peerinvalid Peer @angular/forms@2.0.0 wants @angular/core@^2.0.0
250 error peerinvalid Peer @angular/http@2.0.0 wants @angular/core@^2.0.0
250 error peerinvalid Peer @angular/platform-browser@2.0.0 wants @angular/core@^2.0.0
250 error peerinvalid Peer @angular/platform-browser-dynamic@2.0.0 wants @angular/core@^2.0.0
250 error peerinvalid Peer @angular/router@3.0.0 wants @angular/core@^2.0.0
250 error peerinvalid Peer @angular/upgrade@2.0.0 wants @angular/core@^2.0.0
250 error peerinvalid Peer angular2-in-memory-web-api@0.0.20 wants @angular/core@^2.0.0
250 error peerinvalid Peer angular2-data-table@0.6.1 wants @angular/core@~2.0.0
250 error peerinvalid Peer angular2-datatable@0.4.2 wants @angular/core@^2.0.0-rc.0
250 error peerinvalid Peer ng2-super-table@0.1.1 wants @angular/core@2.0.0-rc.4
250 error peerinvalid Peer @angular/router-deprecated@2.0.0-rc.2 wants @angular/core@^2.0.0-rc
251 verbose exit [ 1, true ]
